<?xml version="1.0" encoding="UTF-8"?>
<!-- Generated by org.testng.reporters.JUnitXMLReporter -->
<testsuite ignored="0" hostname="ANIL_KUMAR" failures="1" tests="2" name="HomePage" time="62.087" errors="0" timestamp="2023-08-01T16:51:10 GMT-04:00">
  <testcase classname="webpage.utils.BaseUtil" name="@AfterMethod closeBrowser" time="41.434">
    <failure type="org.openqa.selenium.NoSuchSessionException" message="Session ID is null. Using WebDriver after calling quit()?
Build info: version: &amp;apos;3.14.0&amp;apos;, revision: &amp;apos;aacccce0&amp;apos;, time: &amp;apos;2018-08-02T20:19:58.91Z&amp;apos;
System info: host: &amp;apos;ANIL_KUMAR&amp;apos;, ip: &amp;apos;192.168.0.32&amp;apos;, os.name: &amp;apos;Windows 11&amp;apos;, os.arch: &amp;apos;amd64&amp;apos;, os.version: &amp;apos;10.0&amp;apos;, java.version: &amp;apos;19&amp;apos;
Driver info: driver.version: RemoteWebDriver">
      <![CDATA[org.openqa.selenium.NoSuchSessionException: Session ID is null. Using WebDriver after calling quit()?
Build info: version: '3.14.0', revision: 'aacccce0', time: '2018-08-02T20:19:58.91Z'
System info: host: 'ANIL_KUMAR', ip: '192.168.0.32', os.name: 'Windows 11', os.arch: 'amd64', os.version: '10.0', java.version: '19'
Driver info: driver.version: RemoteWebDriver
at org.openqa.selenium.remote.HttpCommandExecutor.execute(HttpCommandExecutor.java:125)
at org.openqa.selenium.remote.service.DriverCommandExecutor.execute(DriverCommandExecutor.java:83)
at org.openqa.selenium.remote.RemoteWebDriver.execute(RemoteWebDriver.java:548)
at org.openqa.selenium.remote.RemoteWebDriver.execute(RemoteWebDriver.java:605)
at org.openqa.selenium.remote.RemoteWebDriver.getScreenshotAs(RemoteWebDriver.java:294)
at webpage.utils.BaseUtil.takeScreenShot(BaseUtil.java:68)
at webpage.utils.BaseUtil.closeBrowser(BaseUtil.java:57)
at java.base/java.util.ArrayList.forEach(ArrayList.java:1511)
... Removed 30 stack frames]]>
    </failure>
  </testcase> <!-- @AfterMethod closeBrowser -->
  <testcase classname="webpage.testcases.HomeTests" name="HomePage_Test1" time="0.387"/>
  <testcase classname="webpage.testcases.HomeTests" name="HomePage_Test2" time="0.135">
    <failure type="java.lang.AssertionError" message="List Item Badge is not displayed correctly expected [List Item 23] but found [List Item 2]">
      <![CDATA[java.lang.AssertionError: List Item Badge is not displayed correctly expected [List Item 23] but found [List Item 2]
at webpage.testcases.HomeTests.HomePage_Test2(HomeTests.java:44)
at java.base/java.util.ArrayList.forEach(ArrayList.java:1511)
... Removed 30 stack frames]]>
    </failure>
  </testcase> <!-- HomePage_Test2 -->
</testsuite> <!-- HomePage -->
