<?xml version="1.0" encoding="UTF-8"?>
<testng-results ignored="0" total="2" passed="1" failed="1" skipped="0">
  <reporter-output>
  </reporter-output>
  <suite started-at="2023-08-01T16:50:08 GMT-04:00" name="WebUITesting" finished-at="2023-08-01T16:51:10 GMT-04:00" duration-ms="62087">
    <groups>
    </groups>
    <test started-at="2023-08-01T16:50:08 GMT-04:00" name="HomePage" finished-at="2023-08-01T16:51:10 GMT-04:00" duration-ms="62087">
      <class name="webpage.testcases.HomeTests">
        <test-method is-config="true" signature="initialize()[pri:0, instance:webpage.testcases.HomeTests@40a4337a]" started-at="2023-08-01T16:50:08 GMT-04:00" name="initialize" finished-at="2023-08-01T16:50:08 GMT-04:00" duration-ms="179" status="PASS">
          <reporter-output>
          </reporter-output>
        </test-method> <!-- initialize -->
        <test-method is-config="true" signature="launchBrowser(java.lang.reflect.Method, org.testng.ITestContext)[pri:0, instance:webpage.testcases.HomeTests@40a4337a]" started-at="2023-08-01T16:50:08 GMT-04:00" name="launchBrowser" finished-at="2023-08-01T16:50:12 GMT-04:00" duration-ms="3710" status="PASS">
          <params>
            <param index="0">
              <value>
                <![CDATA[public void webpage.testcases.HomeTests.HomePage_Test1()]]>
              </value>
            </param>
            <param index="1">
              <value>
                <![CDATA[org.testng.TestRunner@4613311f]]>
              </value>
            </param>
          </params>
          <reporter-output>
          </reporter-output>
        </test-method> <!-- launchBrowser -->
        <test-method signature="HomePage_Test1()[pri:0, instance:webpage.testcases.HomeTests@40a4337a]" started-at="2023-08-01T16:50:12 GMT-04:00" name="HomePage_Test1" finished-at="2023-08-01T16:50:12 GMT-04:00" duration-ms="387" status="PASS">
          <reporter-output>
          </reporter-output>
        </test-method> <!-- HomePage_Test1 -->
        <test-method is-config="true" signature="closeBrowser(java.lang.reflect.Method, org.testng.ITestResult)[pri:0, instance:webpage.testcases.HomeTests@40a4337a]" started-at="2023-08-01T16:50:12 GMT-04:00" name="closeBrowser" finished-at="2023-08-01T16:50:12 GMT-04:00" duration-ms="142" status="PASS">
          <params>
            <param index="0">
              <value>
                <![CDATA[public void webpage.testcases.HomeTests.HomePage_Test1()]]>
              </value>
            </param>
            <param index="1">
              <value>
                <![CDATA[[TestResult name=HomePage_Test1 status=SUCCESS method=HomeTests.HomePage_Test1()[pri:0, instance:webpage.testcases.HomeTests@40a4337a] output={null}]]]>
              </value>
            </param>
          </params>
          <reporter-output>
          </reporter-output>
        </test-method> <!-- closeBrowser -->
        <test-method is-config="true" signature="launchBrowser(java.lang.reflect.Method, org.testng.ITestContext)[pri:0, instance:webpage.testcases.HomeTests@40a4337a]" started-at="2023-08-01T16:50:12 GMT-04:00" name="launchBrowser" finished-at="2023-08-01T16:50:16 GMT-04:00" duration-ms="3108" status="PASS">
          <params>
            <param index="0">
              <value>
                <![CDATA[public void webpage.testcases.HomeTests.HomePage_Test2()]]>
              </value>
            </param>
            <param index="1">
              <value>
                <![CDATA[org.testng.TestRunner@4613311f]]>
              </value>
            </param>
          </params>
          <reporter-output>
          </reporter-output>
        </test-method> <!-- launchBrowser -->
        <test-method signature="HomePage_Test2()[pri:0, instance:webpage.testcases.HomeTests@40a4337a]" started-at="2023-08-01T16:50:16 GMT-04:00" name="HomePage_Test2" finished-at="2023-08-01T16:50:16 GMT-04:00" duration-ms="135" status="FAIL">
          <exception class="java.lang.AssertionError">
            <message>
              <![CDATA[List Item Badge is not displayed correctly expected [List Item 23] but found [List Item 2]]]>
            </message>
            <full-stacktrace>
              <![CDATA[java.lang.AssertionError: List Item Badge is not displayed correctly expected [List Item 23] but found [List Item 2]
at org.testng.Assert.fail(Assert.java:99)
at org.testng.Assert.failNotEquals(Assert.java:1037)
at org.testng.Assert.assertEqualsImpl(Assert.java:140)
at org.testng.Assert.assertEquals(Assert.java:122)
at org.testng.Assert.assertEquals(Assert.java:629)
at webpage.testcases.HomeTests.HomePage_Test2(HomeTests.java:44)
at java.base/jdk.internal.reflect.DirectMethodHandleAccessor.invoke(DirectMethodHandleAccessor.java:104)
at java.base/java.lang.reflect.Method.invoke(Method.java:578)
at org.testng.internal.MethodInvocationHelper.invokeMethod(MethodInvocationHelper.java:132)
at org.testng.internal.TestInvoker.invokeMethod(TestInvoker.java:599)
at org.testng.internal.TestInvoker.invokeTestMethod(TestInvoker.java:174)
at org.testng.internal.MethodRunner.runInSequence(MethodRunner.java:46)
at org.testng.internal.TestInvoker$MethodInvocationAgent.invoke(TestInvoker.java:822)
at org.testng.internal.TestInvoker.invokeTestMethods(TestInvoker.java:147)
at org.testng.internal.TestMethodWorker.invokeTestMethods(TestMethodWorker.java:146)
at org.testng.internal.TestMethodWorker.run(TestMethodWorker.java:128)
at java.base/java.util.ArrayList.forEach(ArrayList.java:1511)
at org.testng.TestRunner.privateRun(TestRunner.java:764)
at org.testng.TestRunner.run(TestRunner.java:585)
at org.testng.SuiteRunner.runTest(SuiteRunner.java:384)
at org.testng.SuiteRunner.runSequentially(SuiteRunner.java:378)
at org.testng.SuiteRunner.privateRun(SuiteRunner.java:337)
at org.testng.SuiteRunner.run(SuiteRunner.java:286)
at org.testng.SuiteRunnerWorker.runSuite(SuiteRunnerWorker.java:53)
at org.testng.SuiteRunnerWorker.run(SuiteRunnerWorker.java:96)
at org.testng.TestNG.runSuitesSequentially(TestNG.java:1218)
at org.testng.TestNG.runSuitesLocally(TestNG.java:1140)
at org.testng.TestNG.runSuites(TestNG.java:1069)
at org.testng.TestNG.run(TestNG.java:1037)
at org.testng.remote.AbstractRemoteTestNG.run(AbstractRemoteTestNG.java:115)
at org.testng.remote.RemoteTestNG.initAndRun(RemoteTestNG.java:251)
at org.testng.remote.RemoteTestNG.main(RemoteTestNG.java:77)
]]>
            </full-stacktrace>
          </exception> <!-- java.lang.AssertionError -->
          <reporter-output>
          </reporter-output>
        </test-method> <!-- HomePage_Test2 -->
        <test-method is-config="true" signature="closeBrowser(java.lang.reflect.Method, org.testng.ITestResult)[pri:0, instance:webpage.testcases.HomeTests@40a4337a]" started-at="2023-08-01T16:50:16 GMT-04:00" name="closeBrowser" finished-at="2023-08-01T16:50:57 GMT-04:00" duration-ms="41434" status="FAIL">
          <params>
            <param index="0">
              <value>
                <![CDATA[public void webpage.testcases.HomeTests.HomePage_Test2()]]>
              </value>
            </param>
            <param index="1">
              <value>
                <![CDATA[[TestResult name=HomePage_Test2 status=FAILURE method=HomeTests.HomePage_Test2()[pri:0, instance:webpage.testcases.HomeTests@40a4337a] output={null}]]]>
              </value>
            </param>
          </params>
          <exception class="org.openqa.selenium.NoSuchSessionException">
            <message>
              <![CDATA[Session ID is null. Using WebDriver after calling quit()?
Build info: version: '3.14.0', revision: 'aacccce0', time: '2018-08-02T20:19:58.91Z'
System info: host: 'ANIL_KUMAR', ip: '192.168.0.32', os.name: 'Windows 11', os.arch: 'amd64', os.version: '10.0', java.version: '19'
Driver info: driver.version: RemoteWebDriver]]>
            </message>
            <full-stacktrace>
              <![CDATA[org.openqa.selenium.NoSuchSessionException: Session ID is null. Using WebDriver after calling quit()?
Build info: version: '3.14.0', revision: 'aacccce0', time: '2018-08-02T20:19:58.91Z'
System info: host: 'ANIL_KUMAR', ip: '192.168.0.32', os.name: 'Windows 11', os.arch: 'amd64', os.version: '10.0', java.version: '19'
Driver info: driver.version: RemoteWebDriver
at org.openqa.selenium.remote.HttpCommandExecutor.execute(HttpCommandExecutor.java:125)
at org.openqa.selenium.remote.service.DriverCommandExecutor.execute(DriverCommandExecutor.java:83)
at org.openqa.selenium.remote.RemoteWebDriver.execute(RemoteWebDriver.java:548)
at org.openqa.selenium.remote.RemoteWebDriver.execute(RemoteWebDriver.java:605)
at org.openqa.selenium.remote.RemoteWebDriver.getScreenshotAs(RemoteWebDriver.java:294)
at webpage.utils.BaseUtil.takeScreenShot(BaseUtil.java:68)
at webpage.utils.BaseUtil.closeBrowser(BaseUtil.java:57)
at java.base/jdk.internal.reflect.DirectMethodHandleAccessor.invoke(DirectMethodHandleAccessor.java:104)
at java.base/java.lang.reflect.Method.invoke(Method.java:578)
at org.testng.internal.MethodInvocationHelper.invokeMethod(MethodInvocationHelper.java:132)
at org.testng.internal.MethodInvocationHelper.invokeMethodConsideringTimeout(MethodInvocationHelper.java:61)
at org.testng.internal.ConfigInvoker.invokeConfigurationMethod(ConfigInvoker.java:366)
at org.testng.internal.ConfigInvoker.invokeConfigurations(ConfigInvoker.java:320)
at org.testng.internal.TestInvoker.runConfigMethods(TestInvoker.java:701)
at org.testng.internal.TestInvoker.runAfterGroupsConfigurations(TestInvoker.java:677)
at org.testng.internal.TestInvoker.invokeMethod(TestInvoker.java:661)
at org.testng.internal.TestInvoker.invokeTestMethod(TestInvoker.java:174)
at org.testng.internal.MethodRunner.runInSequence(MethodRunner.java:46)
at org.testng.internal.TestInvoker$MethodInvocationAgent.invoke(TestInvoker.java:822)
at org.testng.internal.TestInvoker.invokeTestMethods(TestInvoker.java:147)
at org.testng.internal.TestMethodWorker.invokeTestMethods(TestMethodWorker.java:146)
at org.testng.internal.TestMethodWorker.run(TestMethodWorker.java:128)
at java.base/java.util.ArrayList.forEach(ArrayList.java:1511)
at org.testng.TestRunner.privateRun(TestRunner.java:764)
at org.testng.TestRunner.run(TestRunner.java:585)
at org.testng.SuiteRunner.runTest(SuiteRunner.java:384)
at org.testng.SuiteRunner.runSequentially(SuiteRunner.java:378)
at org.testng.SuiteRunner.privateRun(SuiteRunner.java:337)
at org.testng.SuiteRunner.run(SuiteRunner.java:286)
at org.testng.SuiteRunnerWorker.runSuite(SuiteRunnerWorker.java:53)
at org.testng.SuiteRunnerWorker.run(SuiteRunnerWorker.java:96)
at org.testng.TestNG.runSuitesSequentially(TestNG.java:1218)
at org.testng.TestNG.runSuitesLocally(TestNG.java:1140)
at org.testng.TestNG.runSuites(TestNG.java:1069)
at org.testng.TestNG.run(TestNG.java:1037)
at org.testng.remote.AbstractRemoteTestNG.run(AbstractRemoteTestNG.java:115)
at org.testng.remote.RemoteTestNG.initAndRun(RemoteTestNG.java:251)
at org.testng.remote.RemoteTestNG.main(RemoteTestNG.java:77)
]]>
            </full-stacktrace>
          </exception> <!-- org.openqa.selenium.NoSuchSessionException -->
          <reporter-output>
          </reporter-output>
        </test-method> <!-- closeBrowser -->
        <test-method is-config="true" signature="tearDown()[pri:0, instance:webpage.testcases.HomeTests@40a4337a]" started-at="2023-08-01T16:51:10 GMT-04:00" name="tearDown" finished-at="2023-08-01T16:51:11 GMT-04:00" duration-ms="419" status="PASS">
          <reporter-output>
          </reporter-output>
        </test-method> <!-- tearDown -->
      </class> <!-- webpage.testcases.HomeTests -->
    </test> <!-- HomePage -->
  </suite> <!-- WebUITesting -->
</testng-results>
